<?xml version="1.0" encoding="UTF-8"?>
<testng-results ignored="0" total="2" passed="2" failed="0" skipped="0">
  <reporter-output>
  </reporter-output>
  <suite started-at="2025-06-05T18:04:58 IST" name="Suite" finished-at="2025-06-05T18:05:17 IST" duration-ms="19698">
    <groups>
      <group name="Master">
        <method signature="TC_001_AccountRegistrationTest.verifytAccountRegistation()[pri:0, instance:testCases.TC_001_AccountRegistrationTest@17a7f733]" name="verifytAccountRegistation" class="testCases.TC_001_AccountRegistrationTest"/>
        <method signature="TC_002_LoginTest.verifyLogin()[pri:0, instance:testCases.TC_002_LoginTest@7c1e2a9e]" name="verifyLogin" class="testCases.TC_002_LoginTest"/>
      </group> <!-- Master -->
      <group name="Sanity">
        <method signature="TC_002_LoginTest.verifyLogin()[pri:0, instance:testCases.TC_002_LoginTest@7c1e2a9e]" name="verifyLogin" class="testCases.TC_002_LoginTest"/>
      </group> <!-- Sanity -->
      <group name="Regression">
        <method signature="TC_001_AccountRegistrationTest.verifytAccountRegistation()[pri:0, instance:testCases.TC_001_AccountRegistrationTest@17a7f733]" name="verifytAccountRegistation" class="testCases.TC_001_AccountRegistrationTest"/>
      </group> <!-- Regression -->
    </groups>
    <test started-at="2025-06-05T18:04:58 IST" name="testng" finished-at="2025-06-05T18:05:17 IST" duration-ms="19698">
      <class name="testCases.TC_001_AccountRegistrationTest">
        <test-method is-config="true" signature="setUp(java.lang.String,java.lang.String)[pri:0, instance:testCases.TC_001_AccountRegistrationTest@17a7f733]" started-at="2025-06-05T18:04:58 IST" name="setUp" finished-at="2025-06-05T18:05:03 IST" duration-ms="5155" status="PASS">
          <params>
            <param index="0">
              <value>
                <![CDATA[Windows]]>
              </value>
            </param>
            <param index="1">
              <value>
                <![CDATA[chrome]]>
              </value>
            </param>
          </params>
          <reporter-output>
          </reporter-output>
        </test-method> <!-- setUp -->
        <test-method signature="verifytAccountRegistation()[pri:0, instance:testCases.TC_001_AccountRegistrationTest@17a7f733]" started-at="2025-06-05T18:05:03 IST" name="verifytAccountRegistation" finished-at="2025-06-05T18:05:10 IST" duration-ms="7559" status="PASS">
          <reporter-output>
          </reporter-output>
        </test-method> <!-- verifytAccountRegistation -->
        <test-method is-config="true" signature="tearDown()[pri:0, instance:testCases.TC_001_AccountRegistrationTest@17a7f733]" started-at="2025-06-05T18:05:11 IST" name="tearDown" finished-at="2025-06-05T18:05:11 IST" duration-ms="234" status="PASS">
          <reporter-output>
          </reporter-output>
        </test-method> <!-- tearDown -->
      </class> <!-- testCases.TC_001_AccountRegistrationTest -->
      <class name="testCases.TC_002_LoginTest">
        <test-method is-config="true" signature="setUp(java.lang.String,java.lang.String)[pri:0, instance:testCases.TC_002_LoginTest@7c1e2a9e]" started-at="2025-06-05T18:05:11 IST" name="setUp" finished-at="2025-06-05T18:05:15 IST" duration-ms="4502" status="PASS">
          <params>
            <param index="0">
              <value>
                <![CDATA[Windows]]>
              </value>
            </param>
            <param index="1">
              <value>
                <![CDATA[chrome]]>
              </value>
            </param>
          </params>
          <reporter-output>
          </reporter-output>
        </test-method> <!-- setUp -->
        <test-method signature="verifyLogin()[pri:0, instance:testCases.TC_002_LoginTest@7c1e2a9e]" started-at="2025-06-05T18:05:15 IST" name="verifyLogin" finished-at="2025-06-05T18:05:17 IST" duration-ms="1788" status="PASS">
          <reporter-output>
          </reporter-output>
        </test-method> <!-- verifyLogin -->
        <test-method is-config="true" signature="tearDown()[pri:0, instance:testCases.TC_002_LoginTest@7c1e2a9e]" started-at="2025-06-05T18:05:17 IST" name="tearDown" finished-at="2025-06-05T18:05:17 IST" duration-ms="214" status="PASS">
          <reporter-output>
          </reporter-output>
        </test-method> <!-- tearDown -->
      </class> <!-- testCases.TC_002_LoginTest -->
    </test> <!-- testng -->
  </suite> <!-- Suite -->
</testng-results>
