<?xml version="1.0" encoding="UTF-8"?>
<testsuite xmlns:xsi="http://www.w3.org/2001/XMLSchema-instance" xsi:noNamespaceSchemaLocation="https://maven.apache.org/surefire/maven-surefire-plugin/xsd/surefire-test-report.xsd" version="3.0.2" name="TestSuite" time="21.39" tests="2" errors="0" skipped="0" failures="0">
  <properties>
[...]
</properties>
  <testcase name="verifytAccountRegistation" classname="testCases.TC_001_AccountRegistrationTest" time="7.57">
    <system-out><![CDATA[18:04:57.680 [main] DEBUG org.testng.TestNG -- suiteXmlPath: "C:\GopiAutomationWorkspace\OpenCartV121\master.xml"
2025-06-05T12:34:58.670885400Z main INFO Starting configuration XmlConfiguration[location=C:\GopiAutomationWorkspace\OpenCartV121\target\test-classes\log4j2.xml, lastModified=2025-06-01T06:21:03.181Z]...
2025-06-05T12:34:58.673203100Z main INFO Start watching for changes to C:\GopiAutomationWorkspace\OpenCartV121\target\test-classes\log4j2.xml every 0 seconds
2025-06-05T12:34:58.673203100Z main INFO Configuration XmlConfiguration[location=C:\GopiAutomationWorkspace\OpenCartV121\target\test-classes\log4j2.xml, lastModified=2025-06-01T06:21:03.181Z] started.
2025-06-05T12:34:58.676371700Z main INFO Stopping configuration org.apache.logging.log4j.core.config.DefaultConfiguration@5bd82fed...
2025-06-05T12:34:58.676371700Z main INFO Configuration org.apache.logging.log4j.core.config.DefaultConfiguration@5bd82fed stopped.
2025-06-05 18:05:03 INFO  TC_001_AccountRegistrationTest:16 - ********* Started Executing TC_001_AccountRegistrationTest ***********
Initializing HomePage with driver: ChromeDriver: chrome on windows (78e85e241791b5da3bda105a3f004f56)
2025-06-05 18:05:03 INFO  TC_001_AccountRegistrationTest:21 - Clicked on MyAccount Link....
2025-06-05 18:05:05 INFO  TC_001_AccountRegistrationTest:23 - Clicked on Register Link....
2025-06-05 18:05:05 INFO  TC_001_AccountRegistrationTest:27 - Providing customer details...
Confirmation Message: Your Account Has Been Created!
2025-06-05 18:05:10 INFO  TC_001_AccountRegistrationTest:56 - ***** Finished Executing TC001_AccountRegistrationTest *****
]]></system-out>
  </testcase>
  <testcase name="verifyLogin" classname="testCases.TC_002_LoginTest" time="1.787">
    <system-out><![CDATA[2025-06-05 18:05:15 INFO  TC_002_LoginTest:16 - ****Started Executing TC_002_LoginTest ******
2025-06-05 18:05:15 DEBUG TC_002_LoginTest:17 - Debug log for troubleshooting
Initializing HomePage with driver: ChromeDriver: chrome on windows (54bf42d134612f01ff3f2c98fca60b5e)
2025-06-05 18:05:15 INFO  TC_002_LoginTest:23 - clicked on myaccount link on the home page..
2025-06-05 18:05:16 INFO  TC_002_LoginTest:25 - clicked on login link under myaccount..
2025-06-05 18:05:16 INFO  TC_002_LoginTest:29 - Entering valid email and password..
2025-06-05 18:05:17 INFO  TC_002_LoginTest:33 - clicked on login button..
2025-06-05 18:05:17 INFO  TC_002_LoginTest:40 - Login Successful.., MyAccountPage is Exists
2025-06-05 18:05:17 INFO  TC_002_LoginTest:41 - Test Passed
2025-06-05 18:05:17 INFO  TC_002_LoginTest:60 - ****Finished Executing TC_002_LoginTest ******
]]></system-out>
  </testcase>
</testsuite>